<?xml version="1.0" encoding="UTF-8"?>
<!-- Generated by org.testng.reporters.JUnitReportReporter -->
<testsuite skipped="11" hostname="SEZ-LAP-123" name="testcases.RAIS.WF_Authorization_Tests" tests="12" failures="0" timestamp="12 May 2021 09:35:03 GMT" time="327.770" errors="0">
  <testcase name="E2E_WorkflowExecution_HappyPath_withInspection" time="327.770" classname="testcases.RAIS.WF_Authorization_Tests"/>
  <testcase name="E2E_WorkflowExecution_AuthTermsRejectApprove" classname="testcases.RAIS.WF_Authorization_Tests">
    <skipped/>
  </testcase> <!-- E2E_WorkflowExecution_AuthTermsRejectApprove -->
  <testcase name="E2E_WorkflowExecution_RejectCertificate" classname="testcases.RAIS.WF_Authorization_Tests">
    <skipped/>
  </testcase> <!-- E2E_WorkflowExecution_RejectCertificate -->
  <testcase name="E2E_WorkflowExecution_CompletenessCheckReject" classname="testcases.RAIS.WF_Authorization_Tests">
    <skipped/>
  </testcase> <!-- E2E_WorkflowExecution_CompletenessCheckReject -->
  <testcase name="E2E_WorkflowExecution_HappyPathwithInspectionOld" classname="testcases.RAIS.WF_Authorization_Tests">
    <skipped/>
  </testcase> <!-- E2E_WorkflowExecution_HappyPathwithInspectionOld -->
  <testcase name="E2E_WorkflowExecution_HappyPathwithRnA" classname="testcases.RAIS.WF_Authorization_Tests">
    <skipped/>
  </testcase> <!-- E2E_WorkflowExecution_HappyPathwithRnA -->
  <testcase name="E2E_WorkflowExecution_incompleteApplication" classname="testcases.RAIS.WF_Authorization_Tests">
    <skipped/>
  </testcase> <!-- E2E_WorkflowExecution_incompleteApplication -->
  <testcase name="testPending" classname="testcases.RAIS.WF_Authorization_Tests">
    <skipped/>
  </testcase> <!-- testPending -->
  <testcase name="E2E_WorkflowExecution_RnAReject" classname="testcases.RAIS.WF_Authorization_Tests">
    <skipped/>
  </testcase> <!-- E2E_WorkflowExecution_RnAReject -->
  <testcase name="DemoWF_Test" classname="testcases.RAIS.WF_Authorization_Tests">
    <skipped/>
  </testcase> <!-- DemoWF_Test -->
  <testcase name="E2E_WorkflowExecution_AFlows" classname="testcases.RAIS.WF_Authorization_Tests">
    <skipped/>
  </testcase> <!-- E2E_WorkflowExecution_AFlows -->
  <testcase name="RunTC1" classname="testcases.RAIS.WF_Authorization_Tests">
    <skipped/>
  </testcase> <!-- RunTC1 -->
</testsuite> <!-- testcases.RAIS.WF_Authorization_Tests -->
