<?xml version="1.0" encoding="UTF-8"?>
<!-- Generated by org.testng.reporters.JUnitReportReporter -->
<testsuite skipped="14" hostname="SEZ-LAP-123" name="testcases.RAIS.TestData_creation" tests="15" failures="0" timestamp="11 May 2021 08:20:38 GMT" time="261.424" errors="0">
  <testcase name="inputMasterEntityRecord" time="261.424" classname="testcases.RAIS.TestData_creation"/>
  <testcase name="E2E_Publish_Custom_Entity" classname="testcases.RAIS.TestData_creation">
    <skipped/>
  </testcase> <!-- E2E_Publish_Custom_Entity -->
  <testcase name="regulator_RARUsersCreation" classname="testcases.RAIS.TestData_creation">
    <skipped/>
  </testcase> <!-- regulator_RARUsersCreation -->
  <testcase name="licenseeUsersCreation" classname="testcases.RAIS.TestData_creation">
    <skipped/>
  </testcase> <!-- licenseeUsersCreation -->
  <testcase name="createReportEval" classname="testcases.RAIS.TestData_creation">
    <skipped/>
  </testcase> <!-- createReportEval -->
  <testcase name="AnkurTestData_Entity_AttributeCreation" classname="testcases.RAIS.TestData_creation">
    <skipped/>
  </testcase> <!-- AnkurTestData_Entity_AttributeCreation -->
  <testcase name="setFRLicensee_Reg_RAR_TestData" classname="testcases.RAIS.TestData_creation">
    <skipped/>
  </testcase> <!-- setFRLicensee_Reg_RAR_TestData -->
  <testcase name="TestData_Entity_AttributeCreation" classname="testcases.RAIS.TestData_creation">
    <skipped/>
  </testcase> <!-- TestData_Entity_AttributeCreation -->
  <testcase name="createTestDataChildEntity" classname="testcases.RAIS.TestData_creation">
    <skipped/>
  </testcase> <!-- createTestDataChildEntity -->
  <testcase name="createTestDataSources" classname="testcases.RAIS.TestData_creation">
    <skipped/>
  </testcase> <!-- createTestDataSources -->
  <testcase name="BUSINESS_ENTITYCREATION" classname="testcases.RAIS.TestData_creation">
    <skipped/>
  </testcase> <!-- BUSINESS_ENTITYCREATION -->
  <testcase name="businessEntityCreation" classname="testcases.RAIS.TestData_creation">
    <skipped/>
  </testcase> <!-- businessEntityCreation -->
  <testcase name="BUSINESS_ENTITYCREATION_FORMDESIGNER" classname="testcases.RAIS.TestData_creation">
    <skipped/>
  </testcase> <!-- BUSINESS_ENTITYCREATION_FORMDESIGNER -->
  <testcase name="createFacility_ReportTestData" classname="testcases.RAIS.TestData_creation">
    <skipped/>
  </testcase> <!-- createFacility_ReportTestData -->
  <testcase name="businessEntityCreation2" classname="testcases.RAIS.TestData_creation">
    <skipped/>
  </testcase> <!-- businessEntityCreation2 -->
</testsuite> <!-- testcases.RAIS.TestData_creation -->
