<?xml version="1.0" encoding="UTF-8"?>
<!-- Generated by org.testng.reporters.JUnitReportReporter -->
<testsuite skipped="8" hostname="SEZ-LAP-123" name="testcases.RAIS.ValidationTests" tests="10" failures="0" timestamp="06 Apr 2020 19:21:21 GMT" time="13.963" errors="0">
  <testcase name="LoginScreen_Default_ExternalLogin" time="8.001" classname="testcases.RAIS.ValidationTests"/>
  <testcase name="Forgot_PasswordFeature" time="5.962" classname="testcases.RAIS.ValidationTests"/>
  <testcase name="BusinessEntity_Validation" classname="testcases.RAIS.ValidationTests">
    <skipped/>
  </testcase> <!-- BusinessEntity_Validation -->
  <testcase name="BusinessEntity_CRUD" classname="testcases.RAIS.ValidationTests">
    <skipped/>
  </testcase> <!-- BusinessEntity_CRUD -->
  <testcase name="FunctionalRole_Validation" classname="testcases.RAIS.ValidationTests">
    <skipped/>
  </testcase> <!-- FunctionalRole_Validation -->
  <testcase name="EntityAttribute_Validation" classname="testcases.RAIS.ValidationTests">
    <skipped/>
  </testcase> <!-- EntityAttribute_Validation -->
  <testcase name="SecurityRole_Validation" classname="testcases.RAIS.ValidationTests">
    <skipped/>
  </testcase> <!-- SecurityRole_Validation -->
  <testcase name="DataRole_Validation" classname="testcases.RAIS.ValidationTests">
    <skipped/>
  </testcase> <!-- DataRole_Validation -->
  <testcase name="UserProfile_Validation" classname="testcases.RAIS.ValidationTests">
    <skipped/>
  </testcase> <!-- UserProfile_Validation -->
  <testcase name="Entity_Validation" classname="testcases.RAIS.ValidationTests">
    <skipped/>
  </testcase> <!-- Entity_Validation -->
</testsuite> <!-- testcases.RAIS.ValidationTests -->
