<?xml version="1.0" encoding="UTF-8"?>
<!-- Generated by org.testng.reporters.JUnitReportReporter -->
<testsuite skipped="13" hostname="SEZ-LAP-123" name="testcases.RAIS.CRUD_Operation_Tests" tests="14" failures="0" timestamp="01 Nov 2020 16:38:16 GMT" time="117.131" errors="0">
  <testcase name="BusinessEntity_RecordCRUD_Operations_Admin_CommonTable" time="117.131" classname="testcases.RAIS.CRUD_Operation_Tests"/>
  <testcase name="SecurityRole_CRUD_Operations" classname="testcases.RAIS.CRUD_Operation_Tests">
    <skipped/>
  </testcase> <!-- SecurityRole_CRUD_Operations -->
  <testcase name="testPending" classname="testcases.RAIS.CRUD_Operation_Tests">
    <skipped/>
  </testcase> <!-- testPending -->
  <testcase name="verifyDefaultroleFR_validations" classname="testcases.RAIS.CRUD_Operation_Tests">
    <skipped/>
  </testcase> <!-- verifyDefaultroleFR_validations -->
  <testcase name="BusinessEntity_RecordCRUD_Operations_Inv_Res_Inventory" classname="testcases.RAIS.CRUD_Operation_Tests">
    <skipped/>
  </testcase> <!-- BusinessEntity_RecordCRUD_Operations_Inv_Res_Inventory -->
  <testcase name="verifyDefaultroleDR_Permissions_Restrictions" classname="testcases.RAIS.CRUD_Operation_Tests">
    <skipped/>
  </testcase> <!-- verifyDefaultroleDR_Permissions_Restrictions -->
  <testcase name="Entity_Type_InvWithHistory_CRUD_Operations" classname="testcases.RAIS.CRUD_Operation_Tests">
    <skipped/>
  </testcase> <!-- Entity_Type_InvWithHistory_CRUD_Operations -->
  <testcase name="DataRole_CreateEditDeleteRole" classname="testcases.RAIS.CRUD_Operation_Tests">
    <skipped/>
  </testcase> <!-- DataRole_CreateEditDeleteRole -->
  <testcase name="Entity_Type_Master_CRUD_Operations" classname="testcases.RAIS.CRUD_Operation_Tests">
    <skipped/>
  </testcase> <!-- Entity_Type_Master_CRUD_Operations -->
  <testcase name="Entity_Type_Inventory_CRUD_Operations" classname="testcases.RAIS.CRUD_Operation_Tests">
    <skipped/>
  </testcase> <!-- Entity_Type_Inventory_CRUD_Operations -->
  <testcase name="UserProfile_Validation" classname="testcases.RAIS.CRUD_Operation_Tests">
    <skipped/>
  </testcase> <!-- UserProfile_Validation -->
  <testcase name="BusinessEntity_RecordCRUD_Operations_Inv_Res_Resources" classname="testcases.RAIS.CRUD_Operation_Tests">
    <skipped/>
  </testcase> <!-- BusinessEntity_RecordCRUD_Operations_Inv_Res_Resources -->
  <testcase name="FunctionalRole_CRUD_Operations" classname="testcases.RAIS.CRUD_Operation_Tests">
    <skipped/>
  </testcase> <!-- FunctionalRole_CRUD_Operations -->
  <testcase name="DataRole_Permissions_CRUDoperations" classname="testcases.RAIS.CRUD_Operation_Tests">
    <skipped/>
  </testcase> <!-- DataRole_Permissions_CRUDoperations -->
</testsuite> <!-- testcases.RAIS.CRUD_Operation_Tests -->
