<?xml version="1.0" encoding="UTF-8"?>
<!-- Generated by org.testng.reporters.JUnitReportReporter -->
<testsuite skipped="0" hostname="SEZ-LAP-123" name="testcases.RAIS.SanityTestPack_FF" tests="1" failures="0" timestamp="13 Aug 2019 10:08:25 GMT" time="3.003" errors="0">
  <testcase name="LoginScreen_Default" time="3.003" classname="testcases.RAIS.SanityTestPack_FF"/>
</testsuite> <!-- testcases.RAIS.SanityTestPack_FF -->
