<?xml version="1.0" encoding="UTF-8"?>
<!-- Generated by org.testng.reporters.JUnitReportReporter -->
<testsuite skipped="0" hostname="SEZ-LAP-123" name="testcases.RAIS.EmailResult" tests="1" failures="0" timestamp="03 Sep 2019 11:08:27 GMT" time="1.027" errors="0">
  <testcase name="sendMailReport" time="1.027" classname="testcases.RAIS.EmailResult"/>
</testsuite> <!-- testcases.RAIS.EmailResult -->
