<?xml version="1.0" encoding="UTF-8"?>
<!-- Generated by org.testng.reporters.JUnitReportReporter -->
<testsuite skipped="2" hostname="SEZ-LAP-123" name="testcases.RAIS.WF_FollowupAction_Tests" tests="4" failures="0" timestamp="01 Oct 2020 12:30:09 GMT" time="161.606" errors="0">
  <testcase name="fa_Import_HappyPath" time="61.026" classname="testcases.RAIS.WF_FollowupAction_Tests"/>
  <testcase name="fa_Import__AlternatePaths" time="100.580" classname="testcases.RAIS.WF_FollowupAction_Tests"/>
  <testcase name="DemoWF_Test" classname="testcases.RAIS.WF_FollowupAction_Tests">
    <skipped/>
  </testcase> <!-- DemoWF_Test -->
  <testcase name="testPending" classname="testcases.RAIS.WF_FollowupAction_Tests">
    <skipped/>
  </testcase> <!-- testPending -->
</testsuite> <!-- testcases.RAIS.WF_FollowupAction_Tests -->
