<?xml version="1.0" encoding="UTF-8"?>
<!-- Generated by org.testng.reporters.JUnitReportReporter -->
<testsuite skipped="11" hostname="SEZ-LAP-123" name="testcases.RAIS.E2ETests" tests="12" failures="0" timestamp="11 May 2020 13:50:02 GMT" time="68.693" errors="0">
  <testcase name="officerCreation" time="68.693" classname="testcases.RAIS.E2ETests"/>
  <testcase name="mainmenuCheck" classname="testcases.RAIS.E2ETests">
    <skipped/>
  </testcase> <!-- mainmenuCheck -->
  <testcase name="E2E_Publish_Custom_Entity" classname="testcases.RAIS.E2ETests">
    <skipped/>
  </testcase> <!-- E2E_Publish_Custom_Entity -->
  <testcase name="FacilityCreation" classname="testcases.RAIS.E2ETests">
    <skipped/>
  </testcase> <!-- FacilityCreation -->
  <testcase name="officerCreation_CRUDOperation" classname="testcases.RAIS.E2ETests">
    <skipped/>
  </testcase> <!-- officerCreation_CRUDOperation -->
  <testcase name="E2E_VerifyUserAccess" classname="testcases.RAIS.E2ETests">
    <skipped/>
  </testcase> <!-- E2E_VerifyUserAccess -->
  <testcase name="E2E_BusinessEntityFormDesigner" classname="testcases.RAIS.E2ETests">
    <skipped/>
  </testcase> <!-- E2E_BusinessEntityFormDesigner -->
  <testcase name="ExpertCreation" classname="testcases.RAIS.E2ETests">
    <skipped/>
  </testcase> <!-- ExpertCreation -->
  <testcase name="E2E_FormDesigner" classname="testcases.RAIS.E2ETests">
    <skipped/>
  </testcase> <!-- E2E_FormDesigner -->
  <testcase name="E2E_FormDesigner_Business" classname="testcases.RAIS.E2ETests">
    <skipped/>
  </testcase> <!-- E2E_FormDesigner_Business -->
  <testcase name="Calibration_AddNewData" classname="testcases.RAIS.E2ETests">
    <skipped/>
  </testcase> <!-- Calibration_AddNewData -->
  <testcase name="e2e_FormDesigner2" classname="testcases.RAIS.E2ETests">
    <skipped/>
  </testcase> <!-- e2e_FormDesigner2 -->
</testsuite> <!-- testcases.RAIS.E2ETests -->
