<?xml version="1.0" encoding="UTF-8"?>
<!-- Generated by org.testng.reporters.JUnitReportReporter -->
<testsuite skipped="0" hostname="SEZ-LAP-123" name="com.apache.RAIS.testcases.SanityTestPack_Chrome" tests="1" failures="0" timestamp="13 Aug 2019 09:45:25 GMT" time="3.007" errors="0">
  <testcase name="LoginScreen_Default" time="3.007" classname="com.apache.RAIS.testcases.SanityTestPack_Chrome"/>
</testsuite> <!-- com.apache.RAIS.testcases.SanityTestPack_Chrome -->
