<?xml version="1.0" encoding="UTF-8"?>
<!-- Generated by org.testng.reporters.JUnitReportReporter -->
<testsuite skipped="21" hostname="SEZ-LAP-123" name="testcases.RAIS.M2_OfficerUser" tests="22" failures="0" timestamp="05 Jul 2020 09:53:48 GMT" time="83.150" errors="0">
  <testcase name="BusinessEntity_RecordCRUD_Operations_InvRes_Res" time="83.150" classname="testcases.RAIS.M2_OfficerUser"/>
  <testcase name="e2e_FormDesigner2" classname="testcases.RAIS.M2_OfficerUser">
    <skipped/>
  </testcase> <!-- e2e_FormDesigner2 -->
  <testcase name="BusinessEntity_RecordCRUD_Operations_Admin_Cust" classname="testcases.RAIS.M2_OfficerUser">
    <skipped/>
  </testcase> <!-- BusinessEntity_RecordCRUD_Operations_Admin_Cust -->
  <testcase name="TestDataCreation" classname="testcases.RAIS.M2_OfficerUser">
    <skipped/>
  </testcase> <!-- TestDataCreation -->
  <testcase name="mainmenuCheck" classname="testcases.RAIS.M2_OfficerUser">
    <skipped/>
  </testcase> <!-- mainmenuCheck -->
  <testcase name="BusinessEntity_RecordCRUD_Operations_Admin_CommonTable" classname="testcases.RAIS.M2_OfficerUser">
    <skipped/>
  </testcase> <!-- BusinessEntity_RecordCRUD_Operations_Admin_CommonTable -->
  <testcase name="E2E_FormDesigner_Business" classname="testcases.RAIS.M2_OfficerUser">
    <skipped/>
  </testcase> <!-- E2E_FormDesigner_Business -->
  <testcase name="ExternalUser_SecondaryUserCreation" classname="testcases.RAIS.M2_OfficerUser">
    <skipped/>
  </testcase> <!-- ExternalUser_SecondaryUserCreation -->
  <testcase name="officerCreation" classname="testcases.RAIS.M2_OfficerUser">
    <skipped/>
  </testcase> <!-- officerCreation -->
  <testcase name="VerifyPrimaryUserlogin" classname="testcases.RAIS.M2_OfficerUser">
    <skipped/>
  </testcase> <!-- VerifyPrimaryUserlogin -->
  <testcase name="WorkFlowDraft" classname="testcases.RAIS.M2_OfficerUser">
    <skipped/>
  </testcase> <!-- WorkFlowDraft -->
  <testcase name="User_PrimaryUserCreation" classname="testcases.RAIS.M2_OfficerUser">
    <skipped/>
  </testcase> <!-- User_PrimaryUserCreation -->
  <testcase name="FacilityCreation" classname="testcases.RAIS.M2_OfficerUser">
    <skipped/>
  </testcase> <!-- FacilityCreation -->
  <testcase name="BusinessEntity_2AttributesCRUD_Operations" classname="testcases.RAIS.M2_OfficerUser">
    <skipped/>
  </testcase> <!-- BusinessEntity_2AttributesCRUD_Operations -->
  <testcase name="ExpertCreation" classname="testcases.RAIS.M2_OfficerUser">
    <skipped/>
  </testcase> <!-- ExpertCreation -->
  <testcase name="E2E_BusinessEntityFormDesigner" classname="testcases.RAIS.M2_OfficerUser">
    <skipped/>
  </testcase> <!-- E2E_BusinessEntityFormDesigner -->
  <testcase name="Calibration_AddNewData" classname="testcases.RAIS.M2_OfficerUser">
    <skipped/>
  </testcase> <!-- Calibration_AddNewData -->
  <testcase name="E2E_FormDesigner" classname="testcases.RAIS.M2_OfficerUser">
    <skipped/>
  </testcase> <!-- E2E_FormDesigner -->
  <testcase name="BusinessEntity_RecordCRUD_Operations_InvRes_Inv" classname="testcases.RAIS.M2_OfficerUser">
    <skipped/>
  </testcase> <!-- BusinessEntity_RecordCRUD_Operations_InvRes_Inv -->
  <testcase name="officerCreation_CRUDOperation" classname="testcases.RAIS.M2_OfficerUser">
    <skipped/>
  </testcase> <!-- officerCreation_CRUDOperation -->
  <testcase name="E2E_VerifyUserAccess" classname="testcases.RAIS.M2_OfficerUser">
    <skipped/>
  </testcase> <!-- E2E_VerifyUserAccess -->
  <testcase name="SecondaryUserlogin" classname="testcases.RAIS.M2_OfficerUser">
    <skipped/>
  </testcase> <!-- SecondaryUserlogin -->
</testsuite> <!-- testcases.RAIS.M2_OfficerUser -->
